<?xml version='1.0'?>
<ns2:test-suite xmlns:ns2='urn:model.allure.qatools.yandex.ru' start='1656566433976' stop='1656566433985'>
    <name>test suite 02</name>
    <title>test suite 02</title>
    <test-cases>
        <test-case start='1656566433977' status='pending' stop='1656566433977'>
            <name>tc_04</name>
            <title>tc_04</title>
            <labels/>
            <parameters/>
            <steps/>
            <attachments/>
            <failure>
                <message>Test ignored</message>
                <stack-trace>undefined</stack-trace>
            </failure>
        </test-case>
        <test-case start='1656566433977' status='pending' stop='1656566433977'>
            <name>tc_05</name>
            <title>tc_05</title>
            <labels/>
            <parameters/>
            <steps/>
            <attachments/>
            <failure>
                <message>Test ignored</message>
                <stack-trace>undefined</stack-trace>
            </failure>
        </test-case>
        <test-case start='1656566433978' status='passed' stop='1656566433983'>
            <name>tc_06</name>
            <title>tc_06</title>
            <labels>
                <label name='language' value='javascript'/>
                <label name='framework' value='wdio'/>
                <label name='thread' value='0-11'/>
            </labels>
            <parameters>
                <parameter kind='argument' name='browser' value='chrome-103.0.5060.66'/>
            </parameters>
            <steps/>
            <attachments/>
        </test-case>
    </test-cases>
</ns2:test-suite>